<?xml version="1.0" encoding="UTF-8"?>
<coverage generated="1568916849077" clover="3.2.0">
  <project timestamp="1568916849078" name="All files">
    <metrics statements="40" coveredstatements="23" conditionals="9" coveredconditionals="5" methods="14" coveredmethods="6" elements="63" coveredelements="34" complexity="0" loc="40" ncloc="40" packages="2" files="6" classes="6"/>
    <package name="components">
      <metrics statements="22" coveredstatements="9" conditionals="4" coveredconditionals="2" methods="11" coveredmethods="3"/>
      <file name="App.jsx" path="/Users/wh/Desktop/1800Flowers/React-Redux-Flowers/client/components/App.jsx">
        <metrics statements="13" coveredstatements="2" conditionals="0" coveredconditionals="0" methods="8" coveredmethods="0"/>
        <line num="8" count="0" type="stmt"/>
        <line num="9" count="0" type="stmt"/>
        <line num="13" count="0" type="stmt"/>
        <line num="17" count="0" type="stmt"/>
        <line num="18" count="0" type="stmt"/>
        <line num="19" count="0" type="stmt"/>
        <line num="23" count="0" type="stmt"/>
        <line num="36" count="1" type="stmt"/>
        <line num="37" count="0" type="stmt"/>
        <line num="43" count="1" type="stmt"/>
        <line num="44" count="0" type="stmt"/>
        <line num="45" count="0" type="stmt"/>
        <line num="46" count="0" type="stmt"/>
      </file>
      <file name="UserDetails.jsx" path="/Users/wh/Desktop/1800Flowers/React-Redux-Flowers/client/components/UserDetails.jsx">
        <metrics statements="5" coveredstatements="3" conditionals="2" coveredconditionals="1" methods="1" coveredmethods="1"/>
        <line num="3" count="1" type="stmt"/>
        <line num="4" count="2" type="cond" truecount="1" falsecount="1"/>
        <line num="5" count="0" type="stmt"/>
        <line num="6" count="0" type="stmt"/>
        <line num="21" count="2" type="stmt"/>
      </file>
      <file name="Users.jsx" path="/Users/wh/Desktop/1800Flowers/React-Redux-Flowers/client/components/Users.jsx">
        <metrics statements="4" coveredstatements="4" conditionals="2" coveredconditionals="1" methods="2" coveredmethods="2"/>
        <line num="3" count="1" type="stmt"/>
        <line num="4" count="1" type="stmt"/>
        <line num="5" count="1" type="stmt"/>
        <line num="8" count="3" type="stmt"/>
      </file>
    </package>
    <package name="redux">
      <metrics statements="18" coveredstatements="14" conditionals="5" coveredconditionals="3" methods="3" coveredmethods="3"/>
      <file name="actionCreator.js" path="/Users/wh/Desktop/1800Flowers/React-Redux-Flowers/client/redux/actionCreator.js">
        <metrics statements="4" coveredstatements="4" conditionals="0" coveredconditionals="0" methods="2" coveredmethods="2"/>
        <line num="5" count="1" type="stmt"/>
        <line num="6" count="1" type="stmt"/>
        <line num="13" count="1" type="stmt"/>
        <line num="14" count="1" type="stmt"/>
      </file>
      <file name="constants.js" path="/Users/wh/Desktop/1800Flowers/React-Redux-Flowers/client/redux/constants.js">
        <metrics statements="4" coveredstatements="4" conditionals="0" coveredconditionals="0" methods="0" coveredmethods="0"/>
        <line num="3" count="2" type="stmt"/>
        <line num="4" count="2" type="stmt"/>
        <line num="5" count="2" type="stmt"/>
        <line num="6" count="2" type="stmt"/>
      </file>
      <file name="reducers.js" path="/Users/wh/Desktop/1800Flowers/React-Redux-Flowers/client/redux/reducers.js">
        <metrics statements="10" coveredstatements="6" conditionals="5" coveredconditionals="3" methods="1" coveredmethods="1"/>
        <line num="3" count="1" type="stmt"/>
        <line num="8" count="1" type="cond" truecount="0" falsecount="1"/>
        <line num="9" count="3" type="cond" truecount="3" falsecount="1"/>
        <line num="11" count="0" type="stmt"/>
        <line num="12" count="0" type="stmt"/>
        <line num="13" count="0" type="stmt"/>
        <line num="15" count="0" type="stmt"/>
        <line num="20" count="1" type="stmt"/>
        <line num="22" count="1" type="stmt"/>
        <line num="27" count="1" type="stmt"/>
      </file>
    </package>
  </project>
</coverage>
