{"/Users/wh/Desktop/1800Flowers/React-Redux-Flowers/client/components/App.jsx": {"path":"/Users/wh/Desktop/1800Flowers/React-Redux-Flowers/client/components/App.jsx","statementMap":{"0":{"start":{"line":8,"column":4},"end":{"line":8,"column":17}},"1":{"start":{"line":9,"column":4},"end":{"line":9,"column":53}},"2":{"start":{"line":13,"column":4},"end":{"line":13,"column":26}},"3":{"start":{"line":17,"column":35},"end":{"line":17,"column":45}},"4":{"start":{"line":18,"column":17},"end":{"line":18,"column":38}},"5":{"start":{"line":19,"column":4},"end":{"line":19,"column":23}},"6":{"start":{"line":23,"column":4},"end":{"line":32,"column":5}},"7":{"start":{"line":36,"column":24},"end":{"line":41,"column":1}},"8":{"start":{"line":37,"column":2},"end":{"line":40,"column":3}},"9":{"start":{"line":43,"column":27},"end":{"line":48,"column":1}},"10":{"start":{"line":44,"column":2},"end":{"line":47,"column":3}},"11":{"start":{"line":45,"column":20},"end":{"line":45,"column":53}},"12":{"start":{"line":46,"column":28},"end":{"line":46,"column":78}}},"fnMap":{"0":{"name":"(anonymous_0)","decl":{"start":{"line":7,"column":2},"end":{"line":7,"column":3}},"loc":{"start":{"line":7,"column":21},"end":{"line":10,"column":3}},"line":7},"1":{"name":"(anonymous_1)","decl":{"start":{"line":12,"column":2},"end":{"line":12,"column":3}},"loc":{"start":{"line":12,"column":22},"end":{"line":14,"column":3}},"line":12},"2":{"name":"(anonymous_2)","decl":{"start":{"line":16,"column":2},"end":{"line":16,"column":3}},"loc":{"start":{"line":16,"column":18},"end":{"line":20,"column":3}},"line":16},"3":{"name":"(anonymous_3)","decl":{"start":{"line":22,"column":2},"end":{"line":22,"column":3}},"loc":{"start":{"line":22,"column":11},"end":{"line":33,"column":3}},"line":22},"4":{"name":"(anonymous_4)","decl":{"start":{"line":36,"column":24},"end":{"line":36,"column":25}},"loc":{"start":{"line":36,"column":35},"end":{"line":41,"column":1}},"line":36},"5":{"name":"(anonymous_5)","decl":{"start":{"line":43,"column":27},"end":{"line":43,"column":28}},"loc":{"start":{"line":43,"column":41},"end":{"line":48,"column":1}},"line":43},"6":{"name":"(anonymous_6)","decl":{"start":{"line":45,"column":14},"end":{"line":45,"column":15}},"loc":{"start":{"line":45,"column":20},"end":{"line":45,"column":53}},"line":45},"7":{"name":"(anonymous_7)","decl":{"start":{"line":46,"column":16},"end":{"line":46,"column":17}},"loc":{"start":{"line":46,"column":28},"end":{"line":46,"column":78}},"line":46}},"branchMap":{},"s":{"0":0,"1":0,"2":0,"3":0,"4":0,"5":0,"6":0,"7":1,"8":0,"9":1,"10":0,"11":0,"12":0},"f":{"0":0,"1":0,"2":0,"3":0,"4":0,"5":0,"6":0,"7":0},"b":{},"_coverageSchema":"43e27e138ebf9cfc5966b082cf9a028302ed4184","hash":"c52e7ddd41b68f6071e97ab194489ddd36d568fe"}
,"/Users/wh/Desktop/1800Flowers/React-Redux-Flowers/client/components/UserDetails.jsx": {"path":"/Users/wh/Desktop/1800Flowers/React-Redux-Flowers/client/components/UserDetails.jsx","statementMap":{"0":{"start":{"line":3,"column":20},"end":{"line":23,"column":1}},"1":{"start":{"line":4,"column":2},"end":{"line":22,"column":3}},"2":{"start":{"line":5,"column":56},"end":{"line":5,"column":60}},"3":{"start":{"line":6,"column":4},"end":{"line":19,"column":5}},"4":{"start":{"line":21,"column":4},"end":{"line":21,"column":16}}},"fnMap":{"0":{"name":"(anonymous_0)","decl":{"start":{"line":3,"column":20},"end":{"line":3,"column":21}},"loc":{"start":{"line":3,"column":34},"end":{"line":23,"column":1}},"line":3}},"branchMap":{"0":{"loc":{"start":{"line":4,"column":2},"end":{"line":22,"column":3}},"type":"if","locations":[{"start":{"line":4,"column":2},"end":{"line":22,"column":3}},{"start":{"line":4,"column":2},"end":{"line":22,"column":3}}],"line":4}},"s":{"0":1,"1":2,"2":0,"3":0,"4":2},"f":{"0":2},"b":{"0":[0,2]},"_coverageSchema":"43e27e138ebf9cfc5966b082cf9a028302ed4184","hash":"2cc812f2bf9167d6b14cf3e593f0869481afe087"}
,"/Users/wh/Desktop/1800Flowers/React-Redux-Flowers/client/components/Users.jsx": {"path":"/Users/wh/Desktop/1800Flowers/React-Redux-Flowers/client/components/Users.jsx","statementMap":{"0":{"start":{"line":3,"column":14},"end":{"line":18,"column":1}},"1":{"start":{"line":4,"column":20},"end":{"line":4,"column":43}},"2":{"start":{"line":5,"column":2},"end":{"line":17,"column":3}},"3":{"start":{"line":8,"column":8},"end":{"line":14,"column":9}}},"fnMap":{"0":{"name":"(anonymous_0)","decl":{"start":{"line":3,"column":14},"end":{"line":3,"column":15}},"loc":{"start":{"line":3,"column":46},"end":{"line":18,"column":1}},"line":3},"1":{"name":"(anonymous_1)","decl":{"start":{"line":7,"column":33},"end":{"line":7,"column":34}},"loc":{"start":{"line":7,"column":43},"end":{"line":15,"column":7}},"line":7}},"branchMap":{"0":{"loc":{"start":{"line":7,"column":7},"end":{"line":15,"column":43}},"type":"cond-expr","locations":[{"start":{"line":7,"column":19},"end":{"line":15,"column":8}},{"start":{"line":15,"column":11},"end":{"line":15,"column":43}}],"line":7}},"s":{"0":1,"1":1,"2":1,"3":3},"f":{"0":1,"1":3},"b":{"0":[1,0]},"_coverageSchema":"43e27e138ebf9cfc5966b082cf9a028302ed4184","hash":"0e8c9ddc49d0a4f714ce854a5ed9fedc7025e6bb"}
,"/Users/wh/Desktop/1800Flowers/React-Redux-Flowers/client/redux/actionCreator.js": {"path":"/Users/wh/Desktop/1800Flowers/React-Redux-Flowers/client/redux/actionCreator.js","statementMap":{"0":{"start":{"line":5,"column":29},"end":{"line":10,"column":1}},"1":{"start":{"line":6,"column":2},"end":{"line":9,"column":3}},"2":{"start":{"line":13,"column":26},"end":{"line":18,"column":1}},"3":{"start":{"line":14,"column":2},"end":{"line":17,"column":3}}},"fnMap":{"0":{"name":"(anonymous_0)","decl":{"start":{"line":5,"column":29},"end":{"line":5,"column":30}},"loc":{"start":{"line":5,"column":43},"end":{"line":10,"column":1}},"line":5},"1":{"name":"(anonymous_1)","decl":{"start":{"line":13,"column":26},"end":{"line":13,"column":27}},"loc":{"start":{"line":13,"column":36},"end":{"line":18,"column":1}},"line":13}},"branchMap":{},"s":{"0":1,"1":1,"2":1,"3":1},"f":{"0":1,"1":1},"b":{},"_coverageSchema":"43e27e138ebf9cfc5966b082cf9a028302ed4184","hash":"f2f2d049573ab72208a956b5c395a82c6af2f5e6"}
,"/Users/wh/Desktop/1800Flowers/React-Redux-Flowers/client/redux/constants.js": {"path":"/Users/wh/Desktop/1800Flowers/React-Redux-Flowers/client/redux/constants.js","statementMap":{"0":{"start":{"line":3,"column":27},"end":{"line":3,"column":40}},"1":{"start":{"line":4,"column":27},"end":{"line":4,"column":40}},"2":{"start":{"line":5,"column":35},"end":{"line":5,"column":56}},"3":{"start":{"line":6,"column":35},"end":{"line":6,"column":56}}},"fnMap":{},"branchMap":{},"s":{"0":2,"1":2,"2":2,"3":2},"f":{},"b":{},"_coverageSchema":"43e27e138ebf9cfc5966b082cf9a028302ed4184","hash":"c10676f1e234d5a3c0889278741641646a174299"}
,"/Users/wh/Desktop/1800Flowers/React-Redux-Flowers/client/redux/reducers.js": {"path":"/Users/wh/Desktop/1800Flowers/React-Redux-Flowers/client/redux/reducers.js","statementMap":{"0":{"start":{"line":3,"column":21},"end":{"line":6,"column":1}},"1":{"start":{"line":8,"column":27},"end":{"line":29,"column":1}},"2":{"start":{"line":9,"column":2},"end":{"line":28,"column":3}},"3":{"start":{"line":11,"column":20},"end":{"line":11,"column":22}},"4":{"start":{"line":12,"column":6},"end":{"line":14,"column":7}},"5":{"start":{"line":13,"column":8},"end":{"line":13,"column":26}},"6":{"start":{"line":15,"column":6},"end":{"line":18,"column":8}},"7":{"start":{"line":20,"column":6},"end":{"line":20,"column":19}},"8":{"start":{"line":22,"column":6},"end":{"line":25,"column":8}},"9":{"start":{"line":27,"column":6},"end":{"line":27,"column":19}}},"fnMap":{"0":{"name":"(anonymous_0)","decl":{"start":{"line":8,"column":27},"end":{"line":8,"column":28}},"loc":{"start":{"line":8,"column":61},"end":{"line":29,"column":1}},"line":8}},"branchMap":{"0":{"loc":{"start":{"line":8,"column":28},"end":{"line":8,"column":48}},"type":"default-arg","locations":[{"start":{"line":8,"column":36},"end":{"line":8,"column":48}}],"line":8},"1":{"loc":{"start":{"line":9,"column":2},"end":{"line":28,"column":3}},"type":"switch","locations":[{"start":{"line":10,"column":4},"end":{"line":18,"column":8}},{"start":{"line":19,"column":4},"end":{"line":20,"column":19}},{"start":{"line":21,"column":4},"end":{"line":25,"column":8}},{"start":{"line":26,"column":4},"end":{"line":27,"column":19}}],"line":9}},"s":{"0":1,"1":1,"2":3,"3":0,"4":0,"5":0,"6":0,"7":1,"8":1,"9":1},"f":{"0":3},"b":{"0":[0],"1":[0,1,1,1]},"_coverageSchema":"43e27e138ebf9cfc5966b082cf9a028302ed4184","hash":"4990af4062ad386cc24d841c102f614de0a87c9c"}
}
