TN:
SF:/Users/wh/Desktop/1800Flowers/React-Redux-Flowers/client/components/App.jsx
FN:7,(anonymous_0)
FN:12,(anonymous_1)
FN:16,(anonymous_2)
FN:22,(anonymous_3)
FN:36,(anonymous_4)
FN:43,(anonymous_5)
FN:45,(anonymous_6)
FN:46,(anonymous_7)
FNF:8
FNH:0
FNDA:0,(anonymous_0)
FNDA:0,(anonymous_1)
FNDA:0,(anonymous_2)
FNDA:0,(anonymous_3)
FNDA:0,(anonymous_4)
FNDA:0,(anonymous_5)
FNDA:0,(anonymous_6)
FNDA:0,(anonymous_7)
DA:8,0
DA:9,0
DA:13,0
DA:17,0
DA:18,0
DA:19,0
DA:23,0
DA:36,1
DA:37,0
DA:43,1
DA:44,0
DA:45,0
DA:46,0
LF:13
LH:2
BRF:0
BRH:0
end_of_record
TN:
SF:/Users/wh/Desktop/1800Flowers/React-Redux-Flowers/client/components/UserDetails.jsx
FN:3,(anonymous_0)
FNF:1
FNH:1
FNDA:2,(anonymous_0)
DA:3,1
DA:4,2
DA:5,0
DA:6,0
DA:21,2
LF:5
LH:3
BRDA:4,0,0,0
BRDA:4,0,1,2
BRF:2
BRH:1
end_of_record
TN:
SF:/Users/wh/Desktop/1800Flowers/React-Redux-Flowers/client/components/Users.jsx
FN:3,(anonymous_0)
FN:7,(anonymous_1)
FNF:2
FNH:2
FNDA:1,(anonymous_0)
FNDA:3,(anonymous_1)
DA:3,1
DA:4,1
DA:5,1
DA:8,3
LF:4
LH:4
BRDA:7,0,0,1
BRDA:7,0,1,0
BRF:2
BRH:1
end_of_record
TN:
SF:/Users/wh/Desktop/1800Flowers/React-Redux-Flowers/client/redux/actionCreator.js
FN:5,(anonymous_0)
FN:13,(anonymous_1)
FNF:2
FNH:2
FNDA:1,(anonymous_0)
FNDA:1,(anonymous_1)
DA:5,1
DA:6,1
DA:13,1
DA:14,1
LF:4
LH:4
BRF:0
BRH:0
end_of_record
TN:
SF:/Users/wh/Desktop/1800Flowers/React-Redux-Flowers/client/redux/constants.js
FNF:0
FNH:0
DA:3,2
DA:4,2
DA:5,2
DA:6,2
LF:4
LH:4
BRF:0
BRH:0
end_of_record
TN:
SF:/Users/wh/Desktop/1800Flowers/React-Redux-Flowers/client/redux/reducers.js
FN:8,(anonymous_0)
FNF:1
FNH:1
FNDA:3,(anonymous_0)
DA:3,1
DA:8,1
DA:9,3
DA:11,0
DA:12,0
DA:13,0
DA:15,0
DA:20,1
DA:22,1
DA:27,1
LF:10
LH:6
BRDA:8,0,0,0
BRDA:9,1,0,0
BRDA:9,1,1,1
BRDA:9,1,2,1
BRDA:9,1,3,1
BRF:5
BRH:3
end_of_record
